<?xml version="1.0" encoding="UTF-8"?>
<!-- Generated by org.testng.reporters.JUnitXMLReporter -->
<testsuite ignored="0" hostname="DESKTOP-B2BJUJV" failures="0" tests="7" name="Default test" time="0.104" errors="0" timestamp="2021-10-16T15:44:57 IST">
  <testcase classname="calculator.StringCalculatorShould" name="empty_string_should_return_0" time="0.016"/>
  <testcase classname="calculator.StringCalculatorShould" name="ignoresNumbersGreaterThan1000" time="0.003"/>
  <testcase classname="calculator.StringCalculatorShould" name="negativeInputsReturnException" time="0.003"/>
  <testcase classname="calculator.StringCalculatorShould" name="string_with_single_number_should_return_number_as_int" time="0.001"/>
  <testcase classname="calculator.StringCalculatorShould" name="threeNumbersDeliminatedBothWaysReturnSum" time="0.002"/>
  <testcase classname="calculator.StringCalculatorShould" name="twoNumbersCommaDeliminatedReturnSum" time="0.003"/>
  <testcase classname="calculator.StringCalculatorShould" name="twoNumbersSeprateLineDeliminatedReturnSum" time="0.001"/>
</testsuite> <!-- Default test -->
